# JRE version: Java(TM) SE Runtime Environment (16.0.1+9) (build 16.0.1+9-24)
# Java VM: Java HotSpot(TM) 64-Bit Server VM (16.0.1+9-24, mixed mode, sharing, tiered, compressed oops, compressed class ptrs, g1 gc, windows-amd64)
GC Precious Log:
 CPUs: 4 total, 4 available
 Memory: 16312M
 Large Page Support: Disabled
 NUMA Support: Disabled
 Compressed Oops: Enabled (Zero based)
 Heap Region Size: 2M
 Heap Min Capacity: 8M
 Heap Initial Capacity: 256M
 Heap Max Capacity: 4080M
 Pre-touch: Disabled
 Parallel Workers: 4
 Concurrent Workers: 1
 Concurrent Refinement Workers: 4
 Periodic GC: Disabled
Heap:
 garbage-first heap   total 262144K, used 163918K [0x0000000701000000, 0x0000000800000000)
  region size 2048K, 27 young (55296K), 1 survivors (2048K)
 Metaspace       used 4536K, committed 4672K, reserved 1056768K
  class space    used 270K, committed 320K, reserved 1048576K
GC Heap History (8 events):
Event: 2.653 GC heap before
{Heap before GC invocations=0 (full 0):
 garbage-first heap   total 262144K, used 65536K [0x0000000701000000, 0x0000000800000000)
  region size 2048K, 6 young (12288K), 0 survivors (0K)
 Metaspace       used 3964K, committed 4096K, reserved 1056768K
  class space    used 268K, committed 320K, reserved 1048576K
}
Event: 2.656 GC heap after
{Heap after GC invocations=1 (full 0):
 garbage-first heap   total 262144K, used 2050K [0x0000000701000000, 0x0000000800000000)
  region size 2048K, 1 young (2048K), 1 survivors (2048K)
 Metaspace       used 3964K, committed 4096K, reserved 1056768K
  class space    used 268K, committed 320K, reserved 1048576K
}
Event: 3.301 GC heap before
{Heap before GC invocations=1 (full 0):
 garbage-first heap   total 262144K, used 16386K [0x0000000701000000, 0x0000000800000000)
  region size 2048K, 8 young (16384K), 1 survivors (2048K)
 Metaspace       used 4081K, committed 4160K, reserved 1056768K
  class space    used 268K, committed 320K, reserved 1048576K
}
Event: 3.303 GC heap after
{Heap after GC invocations=2 (full 0):
 garbage-first heap   total 262144K, used 2188K [0x0000000701000000, 0x0000000800000000)
  region size 2048K, 1 young (2048K), 1 survivors (2048K)
 Metaspace       used 4081K, committed 4160K, reserved 1056768K
  class space    used 268K, committed 320K, reserved 1048576K
}
Event: 10.201 GC heap before
{Heap before GC invocations=2 (full 0):
 garbage-first heap   total 262144K, used 155788K [0x0000000701000000, 0x0000000800000000)
  region size 2048K, 76 young (155648K), 1 survivors (2048K)
 Metaspace       used 4492K, committed 4608K, reserved 1056768K
  class space    used 269K, committed 320K, reserved 1048576K
}
Event: 10.202 GC heap after
{Heap after GC invocations=3 (full 0):
 garbage-first heap   total 262144K, used 2053K [0x0000000701000000, 0x0000000800000000)
  region size 2048K, 1 young (2048K), 1 survivors (2048K)
 Metaspace       used 4492K, committed 4608K, reserved 1056768K
  class space    used 269K, committed 320K, reserved 1048576K
}
Event: 17.201 GC heap before
{Heap before GC invocations=3 (full 0):
 garbage-first heap   total 262144K, used 155653K [0x0000000701000000, 0x0000000800000000)
  region size 2048K, 76 young (155648K), 1 survivors (2048K)
 Metaspace       used 4521K, committed 4608K, reserved 1056768K
  class space    used 270K, committed 320K, reserved 1048576K
}
Event: 17.202 GC heap after
{Heap after GC invocations=4 (full 0):
 garbage-first heap   total 262144K, used 2126K [0x0000000701000000, 0x0000000800000000)
  region size 2048K, 1 young (2048K), 1 survivors (2048K)
 Metaspace       used 4521K, committed 4608K, reserved 1056768K
  class space    used 270K, committed 320K, reserved 1048576K
}

